2022-02-11 17:18:06.933  INFO 14604 --- [restartedMain] c.u.f.VendorManagementSystemApplication  : Starting VendorManagementSystemApplication using Java 1.8.0_121 on Pawan with PID 14604 (F:\Fed_Bank\vendor-management-system-1\target\classes started by Lenovo in F:\Fed_Bank\vendor-management-system-1)
2022-02-11 17:18:06.933  INFO 14604 --- [restartedMain] c.u.f.VendorManagementSystemApplication  : No active profile set, falling back to default profiles: default
2022-02-11 17:18:07.027  INFO 14604 --- [restartedMain] .e.DevToolsPropertyDefaultsPostProcessor : Devtools property defaults active! Set 'spring.devtools.add-properties' to 'false' to disable
2022-02-11 17:18:07.027  INFO 14604 --- [restartedMain] .e.DevToolsPropertyDefaultsPostProcessor : For additional web related logging consider setting the 'logging.level.web' property to 'DEBUG'
2022-02-11 17:18:07.980  INFO 14604 --- [restartedMain] .s.d.r.c.RepositoryConfigurationDelegate : Bootstrapping Spring Data JPA repositories in DEFAULT mode.
2022-02-11 17:18:08.078  INFO 14604 --- [restartedMain] .s.d.r.c.RepositoryConfigurationDelegate : Finished Spring Data repository scanning in 90 ms. Found 4 JPA repository interfaces.
2022-02-11 17:18:09.250  INFO 14604 --- [restartedMain] o.s.b.w.embedded.tomcat.TomcatWebServer  : Tomcat initialized with port(s): 8080 (http)
2022-02-11 17:18:09.254  INFO 14604 --- [restartedMain] o.apache.catalina.core.StandardService   : Starting service [Tomcat]
2022-02-11 17:18:09.254  INFO 14604 --- [restartedMain] org.apache.catalina.core.StandardEngine  : Starting Servlet engine: [Apache Tomcat/9.0.56]
2022-02-11 17:18:09.644  INFO 14604 --- [restartedMain] org.apache.jasper.servlet.TldScanner     : At least one JAR was scanned for TLDs yet contained no TLDs. Enable debug logging for this logger for a complete list of JARs that were scanned but no TLDs were found in them. Skipping unneeded JARs during scanning can improve startup time and JSP compilation time.
2022-02-11 17:18:09.660  INFO 14604 --- [restartedMain] o.a.c.c.C.[Tomcat].[localhost].[/]       : Initializing Spring embedded WebApplicationContext
2022-02-11 17:18:09.660  INFO 14604 --- [restartedMain] w.s.c.ServletWebServerApplicationContext : Root WebApplicationContext: initialization completed in 2602 ms
2022-02-11 17:18:10.160  INFO 14604 --- [restartedMain] o.hibernate.jpa.internal.util.LogHelper  : HHH000204: Processing PersistenceUnitInfo [name: default]
2022-02-11 17:18:10.222  INFO 14604 --- [restartedMain] org.hibernate.Version                    : HHH000412: Hibernate ORM core version 5.6.4.Final
2022-02-11 17:18:10.472  INFO 14604 --- [restartedMain] o.hibernate.annotations.common.Version   : HCANN000001: Hibernate Commons Annotations {5.1.2.Final}
2022-02-11 17:18:10.633  INFO 14604 --- [restartedMain] com.zaxxer.hikari.HikariDataSource       : HikariPool-1 - Starting...
2022-02-11 17:18:13.898  INFO 14604 --- [restartedMain] com.zaxxer.hikari.HikariDataSource       : HikariPool-1 - Start completed.
2022-02-11 17:18:13.918  INFO 14604 --- [restartedMain] org.hibernate.dialect.Dialect            : HHH000400: Using dialect: org.hibernate.dialect.PostgreSQL81Dialect
2022-02-11 17:18:16.496  INFO 14604 --- [restartedMain] o.h.e.t.j.p.i.JtaPlatformInitiator       : HHH000490: Using JtaPlatform implementation: [org.hibernate.engine.transaction.jta.platform.internal.NoJtaPlatform]
2022-02-11 17:18:16.501  INFO 14604 --- [restartedMain] j.LocalContainerEntityManagerFactoryBean : Initialized JPA EntityManagerFactory for persistence unit 'default'
2022-02-11 17:18:17.251  WARN 14604 --- [restartedMain] JpaBaseConfiguration$JpaWebConfiguration : spring.jpa.open-in-view is enabled by default. Therefore, database queries may be performed during view rendering. Explicitly configure spring.jpa.open-in-view to disable this warning
2022-02-11 17:18:17.486  INFO 14604 --- [restartedMain] o.s.b.a.w.s.WelcomePageHandlerMapping    : Adding welcome page template: index
2022-02-11 17:18:18.095  INFO 14604 --- [restartedMain] o.s.b.d.a.OptionalLiveReloadServer       : LiveReload server is running on port 35729
2022-02-11 17:18:18.112  INFO 14604 --- [restartedMain] o.s.b.a.e.web.EndpointLinksResolver      : Exposing 1 endpoint(s) beneath base path '/actuator'
2022-02-11 17:18:18.174  INFO 14604 --- [restartedMain] o.s.b.w.embedded.tomcat.TomcatWebServer  : Tomcat started on port(s): 8080 (http) with context path ''
2022-02-11 17:18:18.206  INFO 14604 --- [restartedMain] c.u.f.VendorManagementSystemApplication  : Started VendorManagementSystemApplication in 11.77 seconds (JVM running for 14.235)
2022-02-11 17:18:21.752  INFO 14604 --- [RMI TCP Connection(1)-127.0.0.1] o.a.c.c.C.[Tomcat].[localhost].[/]       : Initializing Spring DispatcherServlet 'dispatcherServlet'
2022-02-11 17:18:21.764  INFO 14604 --- [RMI TCP Connection(1)-127.0.0.1] o.s.web.servlet.DispatcherServlet        : Initializing Servlet 'dispatcherServlet'
2022-02-11 17:18:21.766  INFO 14604 --- [RMI TCP Connection(1)-127.0.0.1] o.s.web.servlet.DispatcherServlet        : Completed initialization in 2 ms
2022-02-11 17:18:42.214  INFO 14604 --- [http-nio-8080-exec-1] c.u.f.c.VendorManagementController       : VendorManagementController.welcome() model {}, 
2022-02-11 17:20:10.941  INFO 14604 --- [Thread-7] j.LocalContainerEntityManagerFactoryBean : Closing JPA EntityManagerFactory for persistence unit 'default'
2022-02-11 17:20:10.957  INFO 14604 --- [Thread-7] com.zaxxer.hikari.HikariDataSource       : HikariPool-1 - Shutdown initiated...
2022-02-11 17:20:10.957  INFO 14604 --- [Thread-7] com.zaxxer.hikari.HikariDataSource       : HikariPool-1 - Shutdown completed.
2022-02-11 17:20:11.332  INFO 14604 --- [restartedMain] c.u.f.VendorManagementSystemApplication  : Starting VendorManagementSystemApplication using Java 1.8.0_121 on Pawan with PID 14604 (F:\Fed_Bank\vendor-management-system-1\target\classes started by Lenovo in F:\Fed_Bank\vendor-management-system-1)
2022-02-11 17:20:11.332  INFO 14604 --- [restartedMain] c.u.f.VendorManagementSystemApplication  : No active profile set, falling back to default profiles: default
2022-02-11 17:20:11.715  INFO 14604 --- [restartedMain] .s.d.r.c.RepositoryConfigurationDelegate : Bootstrapping Spring Data JPA repositories in DEFAULT mode.
2022-02-11 17:20:11.746  INFO 14604 --- [restartedMain] .s.d.r.c.RepositoryConfigurationDelegate : Finished Spring Data repository scanning in 30 ms. Found 4 JPA repository interfaces.
2022-02-11 17:20:12.127  INFO 14604 --- [restartedMain] o.s.b.w.embedded.tomcat.TomcatWebServer  : Tomcat initialized with port(s): 8080 (http)
2022-02-11 17:20:12.128  INFO 14604 --- [restartedMain] o.apache.catalina.core.StandardService   : Starting service [Tomcat]
2022-02-11 17:20:12.129  INFO 14604 --- [restartedMain] org.apache.catalina.core.StandardEngine  : Starting Servlet engine: [Apache Tomcat/9.0.56]
2022-02-11 17:20:12.254  INFO 14604 --- [restartedMain] org.apache.jasper.servlet.TldScanner     : At least one JAR was scanned for TLDs yet contained no TLDs. Enable debug logging for this logger for a complete list of JARs that were scanned but no TLDs were found in them. Skipping unneeded JARs during scanning can improve startup time and JSP compilation time.
2022-02-11 17:20:12.259  INFO 14604 --- [restartedMain] o.a.c.c.C.[Tomcat].[localhost].[/]       : Initializing Spring embedded WebApplicationContext
2022-02-11 17:20:12.259  INFO 14604 --- [restartedMain] w.s.c.ServletWebServerApplicationContext : Root WebApplicationContext: initialization completed in 904 ms
2022-02-11 17:20:12.375  INFO 14604 --- [restartedMain] o.hibernate.jpa.internal.util.LogHelper  : HHH000204: Processing PersistenceUnitInfo [name: default]
2022-02-11 17:20:12.382  INFO 14604 --- [restartedMain] com.zaxxer.hikari.HikariDataSource       : HikariPool-2 - Starting...
2022-02-11 17:20:13.836  INFO 14604 --- [restartedMain] com.zaxxer.hikari.HikariDataSource       : HikariPool-2 - Start completed.
2022-02-11 17:20:13.837  INFO 14604 --- [restartedMain] org.hibernate.dialect.Dialect            : HHH000400: Using dialect: org.hibernate.dialect.PostgreSQL81Dialect
2022-02-11 17:20:15.689  INFO 14604 --- [restartedMain] o.h.e.t.j.p.i.JtaPlatformInitiator       : HHH000490: Using JtaPlatform implementation: [org.hibernate.engine.transaction.jta.platform.internal.NoJtaPlatform]
2022-02-11 17:20:15.697  INFO 14604 --- [restartedMain] j.LocalContainerEntityManagerFactoryBean : Initialized JPA EntityManagerFactory for persistence unit 'default'
2022-02-11 17:20:15.938  WARN 14604 --- [restartedMain] JpaBaseConfiguration$JpaWebConfiguration : spring.jpa.open-in-view is enabled by default. Therefore, database queries may be performed during view rendering. Explicitly configure spring.jpa.open-in-view to disable this warning
2022-02-11 17:20:16.037  INFO 14604 --- [restartedMain] o.s.b.a.w.s.WelcomePageHandlerMapping    : Adding welcome page template: index
2022-02-11 17:20:16.227  INFO 14604 --- [restartedMain] o.s.b.d.a.OptionalLiveReloadServer       : LiveReload server is running on port 35729
2022-02-11 17:20:16.232  INFO 14604 --- [restartedMain] o.s.b.a.e.web.EndpointLinksResolver      : Exposing 1 endpoint(s) beneath base path '/actuator'
2022-02-11 17:20:16.262  INFO 14604 --- [restartedMain] o.s.b.w.embedded.tomcat.TomcatWebServer  : Tomcat started on port(s): 8080 (http) with context path ''
2022-02-11 17:20:16.278  INFO 14604 --- [restartedMain] c.u.f.VendorManagementSystemApplication  : Started VendorManagementSystemApplication in 4.975 seconds (JVM running for 132.301)
2022-02-11 17:20:16.282  INFO 14604 --- [restartedMain] .ConditionEvaluationDeltaLoggingListener : Condition evaluation unchanged
2022-02-11 17:20:16.363  INFO 14604 --- [http-nio-8080-exec-1] o.a.c.c.C.[Tomcat].[localhost].[/]       : Initializing Spring DispatcherServlet 'dispatcherServlet'
2022-02-11 17:20:16.364  INFO 14604 --- [http-nio-8080-exec-1] o.s.web.servlet.DispatcherServlet        : Initializing Servlet 'dispatcherServlet'
2022-02-11 17:20:16.366  INFO 14604 --- [http-nio-8080-exec-1] o.s.web.servlet.DispatcherServlet        : Completed initialization in 2 ms
2022-02-11 17:20:16.371  INFO 14604 --- [http-nio-8080-exec-1] c.u.f.c.VendorManagementController       : VendorManagementController.welcome() model {}, 
2022-02-11 17:24:04.068  INFO 14604 --- [Thread-9] j.LocalContainerEntityManagerFactoryBean : Closing JPA EntityManagerFactory for persistence unit 'default'
2022-02-11 17:24:04.070  INFO 14604 --- [Thread-9] com.zaxxer.hikari.HikariDataSource       : HikariPool-2 - Shutdown initiated...
2022-02-11 17:24:04.081  INFO 14604 --- [Thread-9] com.zaxxer.hikari.HikariDataSource       : HikariPool-2 - Shutdown completed.
